Z3 Major Version: 4
Z3 Full Version: 4.8.11.0
Z3 Full Version String: Z3 4.8.11.0

==================================================
[CREATING FRAGMENTS AND SETTING RULES]
- Creating network
Alert: First packet of flow flow0 must have enough time to leave source. Making first sending time a variable.
Alert: First packet of flow flow1 must have enough time to leave source. Making first sending time a variable.
Alert: First packet of flow flow2 must have enough time to leave source. Making first sending time a variable.
Time taken to set the rules: 1.2681577 seconds
 

==================================================
[RULES SET. CHECKING SOLVER]
Current time of the day: 09:05:40.484170
Time taken on solving: 5.0701375 seconds 
Number of assertions: 11339

==================================================
[DATA LOGGING]
- Model generated successfully.




>>>> INFORMATION OF SWITCH: switch0 <<<<
    Port list - 
        => Port name:       eth21
        Connects to:     switch6
        Cycle start:    0.0
        Cycle duration: 500.0
        Fragments:       flow2Fragment1, 
        Priority number: 1
          Index 0 Slot start:      455.26
          Index 0 Slot duration:   0.578
        ------------------------
        => Port name:       eth181
        Connects to:     dev0
        Cycle start:    0.0
        Cycle duration: 500.0
        Fragments:       flow0Fragment11, 
        Priority number: 1
          Index 0 Slot start:      490.236
          Index 0 Slot duration:   0.578
        ------------------------
        => Port name:       eth183
        Connects to:     dev1
        Cycle start:    0.0
        Cycle duration: 500.0
        Fragments:       flow0Fragment12, 
        Priority number: 4
          Index 0 Slot start:      490.24
          Index 0 Slot duration:   0.576
        ------------------------
        => Port name:       eth185
        Connects to:     dev2
        Cycle start:    0.0
        Cycle duration: 500.0
        Fragments:       flow0Fragment13, 
        Priority number: 6
          Index 0 Slot start:      490.236
          Index 0 Slot duration:   0.578
        ------------------------
        => Port name:       eth187
        Connects to:     dev3
        Cycle start:    0.0
        Cycle duration: 500.0
        Fragments:       flow0Fragment14, 
        Priority number: 1
          Index 0 Slot start:      490.24
          Index 0 Slot duration:   0.576
        ------------------------
        => Port name:       eth189
        Connects to:     dev4
        Cycle start:    0.0
        Cycle duration: 500.0
        Fragments:       flow0Fragment15, 
        Priority number: 1
          Index 0 Slot start:      490.236
          Index 0 Slot duration:   0.578
        ------------------------


>>>> INFORMATION OF SWITCH: switch1 <<<<
    Port list - 
        => Port name:       eth3
        Connects to:     switch0
        Cycle start:    0.0
        Cycle duration: 500.0
        Fragments:       flow0Fragment4, 
        Priority number: 1
          Index 0 Slot start:      432.238
          Index 0 Slot duration:   50.0
        ------------------------
        => Port name:       eth61
        Connects to:     switch8
        Cycle start:    0.0
        Cycle duration: 500.0
        Fragments:       flow1Fragment1, 
        Priority number: 0
          Index 0 Slot start:      422.99
          Index 0 Slot duration:   50.0
        ------------------------
        => Port name:       eth65
        Connects to:     switch9
        Cycle start:    0.0
        Cycle duration: 500.0
        Fragments:       flow0Fragment3, 
        Priority number: 1
          Index 0 Slot start:      481.66
          Index 0 Slot duration:   0.578
        ------------------------


>>>> INFORMATION OF SWITCH: switch2 <<<<
    Port list - 
        => Port name:       eth201
        Connects to:     dev10
        Cycle start:    0.0
        Cycle duration: 500.0
        Fragments:       flow1Fragment6, flow2Fragment6, 
        Priority number: 1
          Index 0 Slot start:      497.468
          Index 0 Slot duration:   1.25
        ------------------------
        => Port name:       eth203
        Connects to:     dev11
        Cycle start:    0.0
        Cycle duration: 500.0
        Fragments:       flow1Fragment7, flow2Fragment7, 
        Priority number: 0
          Index 0 Slot start:      499.424
          Index 0 Slot duration:   0.576
        ------------------------
        Priority number: 1
          Index 0 Slot start:      489.568
          Index 0 Slot duration:   0.576
        ------------------------
        => Port name:       eth205
        Connects to:     dev12
        Cycle start:    0.0
        Cycle duration: 500.0
        Fragments:       flow1Fragment8, flow2Fragment8, 
        Priority number: 1
          Index 0 Slot start:      489.564
          Index 0 Slot duration:   9.154
        ------------------------
        => Port name:       eth207
        Connects to:     dev13
        Cycle start:    0.0
        Cycle duration: 500.0
        Fragments:       flow1Fragment9, flow2Fragment9, 
        Priority number: 1
          Index 0 Slot start:      489.564
          Index 0 Slot duration:   9.154
        ------------------------
        => Port name:       eth209
        Connects to:     dev14
        Cycle start:    0.0
        Cycle duration: 500.0
        Fragments:       flow1Fragment10, flow2Fragment10, 
        Priority number: 7
          Index 0 Slot start:      498.144
          Index 0 Slot duration:   1.856
        ------------------------
        Priority number: 1
          Index 0 Slot start:      489.564
          Index 0 Slot duration:   8.58
        ------------------------


>>>> INFORMATION OF SWITCH: switch3 <<<<
    Port list - 
        => Port name:       eth43
        Connects to:     switch1
        Cycle start:    0.0
        Cycle duration: 500.0
        Fragments:       flow0Fragment1, 
        Priority number: 5
          Index 0 Slot start:      473.084
          Index 0 Slot duration:   0.578
        ------------------------
        => Port name:       eth97
        Connects to:     switch4
        Cycle start:    0.0
        Cycle duration: 500.0
        Fragments:       flow0Fragment2, flow2Fragment4, 
        Priority number: 1
          Index 0 Slot start:      472.412
          Index 0 Slot duration:   1.25
        ------------------------
        => Port name:       eth109
        Connects to:     switch7
        Cycle start:    0.0
        Cycle duration: 500.0
        Fragments:       flow2Fragment3, 
        Priority number: 3
          Index 0 Slot start:      472.412
          Index 0 Slot duration:   0.578
        ------------------------


>>>> INFORMATION OF SWITCH: switch4 <<<<
    Port list - 
        => Port name:       eth125
        Connects to:     switch6
        Cycle start:    0.0
        Cycle duration: 500.0
        Fragments:       flow0Fragment16, 
        Priority number: 7
          Index 0 Slot start:      490.238
          Index 0 Slot duration:   0.576
        ------------------------
        => Port name:       eth129
        Connects to:     switch7
        Cycle start:    0.0
        Cycle duration: 500.0
        Fragments:       flow1Fragment16, 
        Priority number: 1
          Index 0 Slot start:      489.564
          Index 0 Slot duration:   0.578
        ------------------------
        => Port name:       eth137
        Connects to:     switch9
        Cycle start:    0.0
        Cycle duration: 500.0
        Fragments:       flow2Fragment11, 
        Priority number: 1
          Index 0 Slot start:      480.988
          Index 0 Slot duration:   0.578
        ------------------------


>>>> INFORMATION OF SWITCH: switch6 <<<<
    Port list - 
        => Port name:       eth107
        Connects to:     switch3
        Cycle start:    0.0
        Cycle duration: 500.0
        Fragments:       flow2Fragment2, 
        Priority number: 5
          Index 0 Slot start:      463.836
          Index 0 Slot duration:   0.578
        ------------------------
        => Port name:       eth241
        Connects to:     dev30
        Cycle start:    0.0
        Cycle duration: 500.0
        Fragments:       flow0Fragment17, flow1Fragment11, 
        Priority number: 0
          Index 0 Slot start:      498.14
          Index 0 Slot duration:   1.25
        ------------------------
        => Port name:       eth243
        Connects to:     dev31
        Cycle start:    0.0
        Cycle duration: 500.0
        Fragments:       flow0Fragment18, flow1Fragment12, 
        Priority number: 1
          Index 0 Slot start:      498.14
          Index 0 Slot duration:   1.25
        ------------------------
        => Port name:       eth245
        Connects to:     dev32
        Cycle start:    0.0
        Cycle duration: 500.0
        Fragments:       flow0Fragment19, flow1Fragment13, 
        Priority number: 2
          Index 0 Slot start:      498.14
          Index 0 Slot duration:   1.25
        ------------------------
        => Port name:       eth247
        Connects to:     dev33
        Cycle start:    0.0
        Cycle duration: 500.0
        Fragments:       flow0Fragment20, flow1Fragment14, 
        Priority number: 0
          Index 0 Slot start:      449.39
          Index 0 Slot duration:   50.0
        ------------------------
        => Port name:       eth249
        Connects to:     dev34
        Cycle start:    0.0
        Cycle duration: 500.0
        Fragments:       flow0Fragment21, flow1Fragment15, 
        Priority number: 7
          Index 0 Slot start:      498.14
          Index 0 Slot duration:   1.25
        ------------------------


>>>> INFORMATION OF SWITCH: switch7 <<<<
    Port list - 
        => Port name:       eth87
        Connects to:     switch2
        Cycle start:    0.0
        Cycle duration: 500.0
        Fragments:       flow2Fragment5, 
        Priority number: 0
          Index 0 Slot start:      480.988
          Index 0 Slot duration:   0.578
        ------------------------
        => Port name:       eth251
        Connects to:     dev35
        Cycle start:    0.0
        Cycle duration: 500.0
        Fragments:       flow0Fragment6, flow1Fragment17, 
        Priority number: 7
          Index 0 Slot start:      498.812
          Index 0 Slot duration:   0.578
        ------------------------
        Priority number: 0
          Index 0 Slot start:      498.14
          Index 0 Slot duration:   0.664
        ------------------------
        => Port name:       eth253
        Connects to:     dev36
        Cycle start:    0.0
        Cycle duration: 500.0
        Fragments:       flow0Fragment7, flow1Fragment18, 
        Priority number: 1
          Index 0 Slot start:      498.14
          Index 0 Slot duration:   1.25
        ------------------------
        => Port name:       eth255
        Connects to:     dev37
        Cycle start:    0.0
        Cycle duration: 500.0
        Fragments:       flow0Fragment8, flow1Fragment19, 
        Priority number: 1
          Index 0 Slot start:      498.14
          Index 0 Slot duration:   1.266
        ------------------------
        => Port name:       eth257
        Connects to:     dev38
        Cycle start:    0.0
        Cycle duration: 500.0
        Fragments:       flow0Fragment9, flow1Fragment20, 
        Priority number: 1
          Index 0 Slot start:      498.14
          Index 0 Slot duration:   1.86
        ------------------------
        => Port name:       eth259
        Connects to:     dev39
        Cycle start:    0.0
        Cycle duration: 500.0
        Fragments:       flow0Fragment10, flow1Fragment21, 
        Priority number: 1
          Index 0 Slot start:      498.14
          Index 0 Slot duration:   1.25
        ------------------------


>>>> INFORMATION OF SWITCH: switch8 <<<<
    Port list - 
        => Port name:       eth135
        Connects to:     switch4
        Cycle start:    0.0
        Cycle duration: 500.0
        Fragments:       flow1Fragment3, 
        Priority number: 1
          Index 0 Slot start:      431.566
          Index 0 Slot duration:   50.0
        ------------------------
        => Port name:       eth177
        Connects to:     switch9
        Cycle start:    0.0
        Cycle duration: 500.0
        Fragments:       flow1Fragment2, 
        Priority number: 1
          Index 0 Slot start:      431.566
          Index 0 Slot duration:   50.0
        ------------------------


>>>> INFORMATION OF SWITCH: switch9 <<<<
    Port list - 
        => Port name:       eth95
        Connects to:     switch2
        Cycle start:    0.0
        Cycle duration: 500.0
        Fragments:       flow1Fragment4, 
        Priority number: 1
          Index 0 Slot start:      440.142
          Index 0 Slot duration:   50.0
        ------------------------
        => Port name:       eth167
        Connects to:     switch6
        Cycle start:    0.0
        Cycle duration: 500.0
        Fragments:       flow1Fragment5, 
        Priority number: 1
          Index 0 Slot start:      489.564
          Index 0 Slot duration:   0.578
        ------------------------
        => Port name:       eth175
        Connects to:     switch7
        Cycle start:    0.0
        Cycle duration: 500.0
        Fragments:       flow0Fragment5, 
        Priority number: 0
          Index 0 Slot start:      490.236
          Index 0 Slot duration:   0.578
        ------------------------
        => Port name:       eth271
        Connects to:     dev45
        Cycle start:    0.0
        Cycle duration: 500.0
        Fragments:       flow2Fragment12, 
        Priority number: 1
          Index 0 Slot start:      489.564
          Index 0 Slot duration:   0.578
        ------------------------
        => Port name:       eth273
        Connects to:     dev46
        Cycle start:    0.0
        Cycle duration: 500.0
        Fragments:       flow2Fragment13, 
        Priority number: 1
          Index 0 Slot start:      489.562
          Index 0 Slot duration:   0.58
        ------------------------
        => Port name:       eth275
        Connects to:     dev47
        Cycle start:    0.0
        Cycle duration: 500.0
        Fragments:       flow2Fragment14, 
        Priority number: 1
          Index 0 Slot start:      489.562
          Index 0 Slot duration:   0.58
        ------------------------
        => Port name:       eth277
        Connects to:     dev48
        Cycle start:    0.0
        Cycle duration: 500.0
        Fragments:       flow2Fragment15, 
        Priority number: 1
          Index 0 Slot start:      489.564
          Index 0 Slot duration:   0.578
        ------------------------
        => Port name:       eth279
        Connects to:     dev49
        Cycle start:    0.0
        Cycle duration: 500.0
        Fragments:       flow2Fragment16, 
        Priority number: 1
          Index 0 Slot start:      489.568
          Index 0 Slot duration:   0.576
        ------------------------



>>>> INFORMATION OF FLOW0 <<<<

    Total number of packets scheduled: 21
    Path tree of the flow:
        Path to dev35: dev15, switch3(flow0Fragment1), switch1(flow0Fragment3), switch9(flow0Fragment5), switch7(flow0Fragment6), dev35, 
        Path to dev36: dev15, switch3(flow0Fragment1), switch1(flow0Fragment3), switch9(flow0Fragment5), switch7(flow0Fragment7), dev36, 
        Path to dev37: dev15, switch3(flow0Fragment1), switch1(flow0Fragment3), switch9(flow0Fragment5), switch7(flow0Fragment8), dev37, 
        Path to dev38: dev15, switch3(flow0Fragment1), switch1(flow0Fragment3), switch9(flow0Fragment5), switch7(flow0Fragment9), dev38, 
        Path to dev39: dev15, switch3(flow0Fragment1), switch1(flow0Fragment3), switch9(flow0Fragment5), switch7(flow0Fragment10), dev39, 
        Path to dev0: dev15, switch3(flow0Fragment1), switch1(flow0Fragment4), switch0(flow0Fragment11), dev0, 
        Path to dev1: dev15, switch3(flow0Fragment1), switch1(flow0Fragment4), switch0(flow0Fragment12), dev1, 
        Path to dev2: dev15, switch3(flow0Fragment1), switch1(flow0Fragment4), switch0(flow0Fragment13), dev2, 
        Path to dev3: dev15, switch3(flow0Fragment1), switch1(flow0Fragment4), switch0(flow0Fragment14), dev3, 
        Path to dev4: dev15, switch3(flow0Fragment1), switch1(flow0Fragment4), switch0(flow0Fragment15), dev4, 
        Path to dev30: dev15, switch3(flow0Fragment2), switch4(flow0Fragment16), switch6(flow0Fragment17), dev30, 
        Path to dev31: dev15, switch3(flow0Fragment2), switch4(flow0Fragment16), switch6(flow0Fragment18), dev31, 
        Path to dev32: dev15, switch3(flow0Fragment2), switch4(flow0Fragment16), switch6(flow0Fragment19), dev32, 
        Path to dev33: dev15, switch3(flow0Fragment2), switch4(flow0Fragment16), switch6(flow0Fragment20), dev33, 
        Path to dev34: dev15, switch3(flow0Fragment2), switch4(flow0Fragment16), switch6(flow0Fragment21), dev34, 


    Packets heading to dev35:
       Flow firstDepartureTime of packet 0: 465.086
       Flow lastScheduledTime of packet 0:  499.39
       Calculated average Latency: 34.303999999999974
       Method average Latency: 34.879999999999974
       Method average Jitter: 0.0

    Packets heading to dev36:
       Flow firstDepartureTime of packet 0: 465.086
       Flow lastScheduledTime of packet 0:  499.39
       Calculated average Latency: 34.303999999999974
       Method average Latency: 34.879999999999974
       Method average Jitter: 0.0

    Packets heading to dev37:
       Flow firstDepartureTime of packet 0: 465.086
       Flow lastScheduledTime of packet 0:  499.39
       Calculated average Latency: 34.303999999999974
       Method average Latency: 34.879999999999974
       Method average Jitter: 0.0

    Packets heading to dev38:
       Flow firstDepartureTime of packet 0: 465.086
       Flow lastScheduledTime of packet 0:  499.39
       Calculated average Latency: 34.303999999999974
       Method average Latency: 34.879999999999974
       Method average Jitter: 0.0

    Packets heading to dev39:
       Flow firstDepartureTime of packet 0: 465.086
       Flow lastScheduledTime of packet 0:  499.39
       Calculated average Latency: 34.303999999999974
       Method average Latency: 34.879999999999974
       Method average Jitter: 0.0

    Packets heading to dev0:
       Flow firstDepartureTime of packet 0: 465.086
       Flow lastScheduledTime of packet 0:  490.814
       Calculated average Latency: 25.72800000000001
       Method average Latency: 26.30400000000001
       Method average Jitter: 0.0

    Packets heading to dev1:
       Flow firstDepartureTime of packet 0: 465.086
       Flow lastScheduledTime of packet 0:  490.816
       Calculated average Latency: 25.72999999999996
       Method average Latency: 26.305999999999962
       Method average Jitter: 0.0

    Packets heading to dev2:
       Flow firstDepartureTime of packet 0: 465.086
       Flow lastScheduledTime of packet 0:  490.814
       Calculated average Latency: 25.72800000000001
       Method average Latency: 26.30400000000001
       Method average Jitter: 0.0

    Packets heading to dev3:
       Flow firstDepartureTime of packet 0: 465.086
       Flow lastScheduledTime of packet 0:  490.816
       Calculated average Latency: 25.72999999999996
       Method average Latency: 26.305999999999962
       Method average Jitter: 0.0

    Packets heading to dev4:
       Flow firstDepartureTime of packet 0: 465.086
       Flow lastScheduledTime of packet 0:  490.814
       Calculated average Latency: 25.72800000000001
       Method average Latency: 26.30400000000001
       Method average Jitter: 0.0

    Packets heading to dev30:
       Flow firstDepartureTime of packet 0: 465.086
       Flow lastScheduledTime of packet 0:  499.39
       Calculated average Latency: 34.303999999999974
       Method average Latency: 34.879999999999974
       Method average Jitter: 0.0

    Packets heading to dev31:
       Flow firstDepartureTime of packet 0: 465.086
       Flow lastScheduledTime of packet 0:  499.39
       Calculated average Latency: 34.303999999999974
       Method average Latency: 34.879999999999974
       Method average Jitter: 0.0

    Packets heading to dev32:
       Flow firstDepartureTime of packet 0: 465.086
       Flow lastScheduledTime of packet 0:  499.39
       Calculated average Latency: 34.303999999999974
       Method average Latency: 34.879999999999974
       Method average Jitter: 0.0

    Packets heading to dev33:
       Flow firstDepartureTime of packet 0: 465.086
       Flow lastScheduledTime of packet 0:  499.39
       Calculated average Latency: 34.303999999999974
       Method average Latency: 34.879999999999974
       Method average Jitter: 0.0

    Packets heading to dev34:
       Flow firstDepartureTime of packet 0: 465.086
       Flow lastScheduledTime of packet 0:  499.39
       Calculated average Latency: 34.303999999999974
       Method average Latency: 34.879999999999974
       Method average Jitter: 0.0

    Calculated average latency of all devices: 31.445599999999978


>>>> INFORMATION OF FLOW1 <<<<

    Total number of packets scheduled: 21
    Path tree of the flow:
        Path to dev10: dev6, switch1(flow1Fragment1), switch8(flow1Fragment2), switch9(flow1Fragment4), switch2(flow1Fragment6), dev10, 
        Path to dev11: dev6, switch1(flow1Fragment1), switch8(flow1Fragment2), switch9(flow1Fragment4), switch2(flow1Fragment7), dev11, 
        Path to dev12: dev6, switch1(flow1Fragment1), switch8(flow1Fragment2), switch9(flow1Fragment4), switch2(flow1Fragment8), dev12, 
        Path to dev13: dev6, switch1(flow1Fragment1), switch8(flow1Fragment2), switch9(flow1Fragment4), switch2(flow1Fragment9), dev13, 
        Path to dev14: dev6, switch1(flow1Fragment1), switch8(flow1Fragment2), switch9(flow1Fragment4), switch2(flow1Fragment10), dev14, 
        Path to dev30: dev6, switch1(flow1Fragment1), switch8(flow1Fragment2), switch9(flow1Fragment5), switch6(flow1Fragment11), dev30, 
        Path to dev31: dev6, switch1(flow1Fragment1), switch8(flow1Fragment2), switch9(flow1Fragment5), switch6(flow1Fragment12), dev31, 
        Path to dev32: dev6, switch1(flow1Fragment1), switch8(flow1Fragment2), switch9(flow1Fragment5), switch6(flow1Fragment13), dev32, 
        Path to dev33: dev6, switch1(flow1Fragment1), switch8(flow1Fragment2), switch9(flow1Fragment5), switch6(flow1Fragment14), dev33, 
        Path to dev34: dev6, switch1(flow1Fragment1), switch8(flow1Fragment2), switch9(flow1Fragment5), switch6(flow1Fragment15), dev34, 
        Path to dev35: dev6, switch1(flow1Fragment1), switch8(flow1Fragment3), switch4(flow1Fragment16), switch7(flow1Fragment17), dev35, 
        Path to dev36: dev6, switch1(flow1Fragment1), switch8(flow1Fragment3), switch4(flow1Fragment16), switch7(flow1Fragment18), dev36, 
        Path to dev37: dev6, switch1(flow1Fragment1), switch8(flow1Fragment3), switch4(flow1Fragment16), switch7(flow1Fragment19), dev37, 
        Path to dev38: dev6, switch1(flow1Fragment1), switch8(flow1Fragment3), switch4(flow1Fragment16), switch7(flow1Fragment20), dev38, 
        Path to dev39: dev6, switch1(flow1Fragment1), switch8(flow1Fragment3), switch4(flow1Fragment16), switch7(flow1Fragment21), dev39, 


    Packets heading to dev10:
       Flow firstDepartureTime of packet 0: 464.414
       Flow lastScheduledTime of packet 0:  498.718
       Calculated average Latency: 34.30400000000003
       Method average Latency: 34.88000000000003
       Method average Jitter: 0.0

    Packets heading to dev11:
       Flow firstDepartureTime of packet 0: 464.414
       Flow lastScheduledTime of packet 0:  500.0
       Calculated average Latency: 35.58600000000001
       Method average Latency: 36.16200000000001
       Method average Jitter: 0.0

    Packets heading to dev12:
       Flow firstDepartureTime of packet 0: 464.414
       Flow lastScheduledTime of packet 0:  498.718
       Calculated average Latency: 34.30400000000003
       Method average Latency: 34.88000000000003
       Method average Jitter: 0.0

    Packets heading to dev13:
       Flow firstDepartureTime of packet 0: 464.414
       Flow lastScheduledTime of packet 0:  498.718
       Calculated average Latency: 34.30400000000003
       Method average Latency: 34.88000000000003
       Method average Jitter: 0.0

    Packets heading to dev14:
       Flow firstDepartureTime of packet 0: 464.414
       Flow lastScheduledTime of packet 0:  498.72
       Calculated average Latency: 34.30600000000004
       Method average Latency: 34.88200000000004
       Method average Jitter: 0.0

    Packets heading to dev30:
       Flow firstDepartureTime of packet 0: 464.414
       Flow lastScheduledTime of packet 0:  498.718
       Calculated average Latency: 34.30400000000003
       Method average Latency: 34.88000000000003
       Method average Jitter: 0.0

    Packets heading to dev31:
       Flow firstDepartureTime of packet 0: 464.414
       Flow lastScheduledTime of packet 0:  498.718
       Calculated average Latency: 34.30400000000003
       Method average Latency: 34.88000000000003
       Method average Jitter: 0.0

    Packets heading to dev32:
       Flow firstDepartureTime of packet 0: 464.414
       Flow lastScheduledTime of packet 0:  498.718
       Calculated average Latency: 34.30400000000003
       Method average Latency: 34.88000000000003
       Method average Jitter: 0.0

    Packets heading to dev33:
       Flow firstDepartureTime of packet 0: 464.414
       Flow lastScheduledTime of packet 0:  498.718
       Calculated average Latency: 34.30400000000003
       Method average Latency: 34.88000000000003
       Method average Jitter: 0.0

    Packets heading to dev34:
       Flow firstDepartureTime of packet 0: 464.414
       Flow lastScheduledTime of packet 0:  498.718
       Calculated average Latency: 34.30400000000003
       Method average Latency: 34.88000000000003
       Method average Jitter: 0.0

    Packets heading to dev35:
       Flow firstDepartureTime of packet 0: 464.414
       Flow lastScheduledTime of packet 0:  498.718
       Calculated average Latency: 34.30400000000003
       Method average Latency: 34.88000000000003
       Method average Jitter: 0.0

    Packets heading to dev36:
       Flow firstDepartureTime of packet 0: 464.414
       Flow lastScheduledTime of packet 0:  498.718
       Calculated average Latency: 34.30400000000003
       Method average Latency: 34.88000000000003
       Method average Jitter: 0.0

    Packets heading to dev37:
       Flow firstDepartureTime of packet 0: 464.414
       Flow lastScheduledTime of packet 0:  498.718
       Calculated average Latency: 34.30400000000003
       Method average Latency: 34.88000000000003
       Method average Jitter: 0.0

    Packets heading to dev38:
       Flow firstDepartureTime of packet 0: 464.414
       Flow lastScheduledTime of packet 0:  498.718
       Calculated average Latency: 34.30400000000003
       Method average Latency: 34.88000000000003
       Method average Jitter: 0.0

    Packets heading to dev39:
       Flow firstDepartureTime of packet 0: 464.414
       Flow lastScheduledTime of packet 0:  498.718
       Calculated average Latency: 34.30400000000003
       Method average Latency: 34.88000000000003
       Method average Jitter: 0.0

    Calculated average latency of all devices: 34.38960000000004


>>>> INFORMATION OF FLOW2 <<<<

    Total number of packets scheduled: 16
    Path tree of the flow:
        Path to dev10: dev1, switch0(flow2Fragment1), switch6(flow2Fragment2), switch3(flow2Fragment3), switch7(flow2Fragment5), switch2(flow2Fragment6), dev10, 
        Path to dev11: dev1, switch0(flow2Fragment1), switch6(flow2Fragment2), switch3(flow2Fragment3), switch7(flow2Fragment5), switch2(flow2Fragment7), dev11, 
        Path to dev12: dev1, switch0(flow2Fragment1), switch6(flow2Fragment2), switch3(flow2Fragment3), switch7(flow2Fragment5), switch2(flow2Fragment8), dev12, 
        Path to dev13: dev1, switch0(flow2Fragment1), switch6(flow2Fragment2), switch3(flow2Fragment3), switch7(flow2Fragment5), switch2(flow2Fragment9), dev13, 
        Path to dev14: dev1, switch0(flow2Fragment1), switch6(flow2Fragment2), switch3(flow2Fragment3), switch7(flow2Fragment5), switch2(flow2Fragment10), dev14, 
        Path to dev45: dev1, switch0(flow2Fragment1), switch6(flow2Fragment2), switch3(flow2Fragment4), switch4(flow2Fragment11), switch9(flow2Fragment12), dev45, 
        Path to dev46: dev1, switch0(flow2Fragment1), switch6(flow2Fragment2), switch3(flow2Fragment4), switch4(flow2Fragment11), switch9(flow2Fragment13), dev46, 
        Path to dev47: dev1, switch0(flow2Fragment1), switch6(flow2Fragment2), switch3(flow2Fragment4), switch4(flow2Fragment11), switch9(flow2Fragment14), dev47, 
        Path to dev48: dev1, switch0(flow2Fragment1), switch6(flow2Fragment2), switch3(flow2Fragment4), switch4(flow2Fragment11), switch9(flow2Fragment15), dev48, 
        Path to dev49: dev1, switch0(flow2Fragment1), switch6(flow2Fragment2), switch3(flow2Fragment4), switch4(flow2Fragment11), switch9(flow2Fragment16), dev49, 


    Packets heading to dev10:
       Flow firstDepartureTime of packet 0: 447.262
       Flow lastScheduledTime of packet 0:  498.044
       Calculated average Latency: 50.78199999999998
       Method average Latency: 51.35799999999998
       Method average Jitter: 0.0

    Packets heading to dev11:
       Flow firstDepartureTime of packet 0: 447.262
       Flow lastScheduledTime of packet 0:  490.144
       Calculated average Latency: 42.882000000000005
       Method average Latency: 43.458000000000006
       Method average Jitter: 0.0

    Packets heading to dev12:
       Flow firstDepartureTime of packet 0: 447.262
       Flow lastScheduledTime of packet 0:  490.142
       Calculated average Latency: 42.879999999999995
       Method average Latency: 43.455999999999996
       Method average Jitter: 0.0

    Packets heading to dev13:
       Flow firstDepartureTime of packet 0: 447.262
       Flow lastScheduledTime of packet 0:  490.142
       Calculated average Latency: 42.879999999999995
       Method average Latency: 43.455999999999996
       Method average Jitter: 0.0

    Packets heading to dev14:
       Flow firstDepartureTime of packet 0: 447.262
       Flow lastScheduledTime of packet 0:  490.142
       Calculated average Latency: 42.879999999999995
       Method average Latency: 43.455999999999996
       Method average Jitter: 0.0

    Packets heading to dev45:
       Flow firstDepartureTime of packet 0: 447.262
       Flow lastScheduledTime of packet 0:  490.142
       Calculated average Latency: 42.879999999999995
       Method average Latency: 43.455999999999996
       Method average Jitter: 0.0

    Packets heading to dev46:
       Flow firstDepartureTime of packet 0: 447.262
       Flow lastScheduledTime of packet 0:  490.142
       Calculated average Latency: 42.879999999999995
       Method average Latency: 43.455999999999996
       Method average Jitter: 0.0

    Packets heading to dev47:
       Flow firstDepartureTime of packet 0: 447.262
       Flow lastScheduledTime of packet 0:  490.142
       Calculated average Latency: 42.879999999999995
       Method average Latency: 43.455999999999996
       Method average Jitter: 0.0

    Packets heading to dev48:
       Flow firstDepartureTime of packet 0: 447.262
       Flow lastScheduledTime of packet 0:  490.142
       Calculated average Latency: 42.879999999999995
       Method average Latency: 43.455999999999996
       Method average Jitter: 0.0

    Packets heading to dev49:
       Flow firstDepartureTime of packet 0: 447.262
       Flow lastScheduledTime of packet 0:  490.144
       Calculated average Latency: 42.882000000000005
       Method average Latency: 43.458000000000006
       Method average Jitter: 0.0

    Calculated average latency of all devices: 43.67059999999999



==================================================
[RESULTS SUMMARY]

flow0 average latency: 32.021599999999985
flow0 average jitter: 0.0
flow1 average latency: 34.96560000000004
flow1 average jitter: 0.0
flow2 average latency: 44.24660000000001
flow2 average jitter: 0.0

Total number of scheduled packets: 58
Overall average latency: 37.07793333333334
Overall average jitter: 0.0

==================================================

Time taken on logging: 0.70028603 seconds

==================================================
Execution time: 8.015355 seconds
 
