SCHEDULER LOG:


SWITCH LIST:
  Switch name: switch0
    Max packet size: 100.0
    Port speed: 125.0
    Time to Travel: 1.0
    Transmission time: 0.0

  Switch name: switch1
    Max packet size: 100.0
    Port speed: 125.0
    Time to Travel: 1.0
    Transmission time: 0.0

  Switch name: switch2
    Max packet size: 100.0
    Port speed: 125.0
    Time to Travel: 1.0
    Transmission time: 0.0

  Switch name: switch3
    Max packet size: 100.0
    Port speed: 125.0
    Time to Travel: 1.0
    Transmission time: 0.0


FLOW LIST:
  Flow name: flow1
    Start first t1: 12
    Start HC: 1000.0
    Start packet periodicity: 250
    Flow type: Multicast
    List of leaves: dev2, 
    Path to dev2: dev0, switch0(flow1Fragment1), switch2(flow1Fragment2), switch1(flow1Fragment3), dev2, 

    Fragment name: flow1Fragment1
        Fragment node: switch0
        Fragment next hop: switch2
        Fragment priority: 7
        Fragment size: 1500
        Port cycle start: 0
        Fragment slot start 0: 12.992 ; 1624/125
        Fragment slot duration 0 : 12.008 ; 1501/125
        Fragment times-
          (0) Fragment departure time: 12.0
          (0) Fragment arrival time: 13.0
          (0) Fragment scheduled time: 25.0
          ----------------------------
    Fragment name: flow1Fragment2
        Fragment node: switch2
        Fragment next hop: switch1
        Fragment priority: 1
        Fragment size: 1500
        Port cycle start: 0
        Fragment slot start 0: 25.992 ; 3249/125
        Fragment slot duration 0 : 12.008 ; 1501/125
        Fragment times-
          (0) Fragment departure time: 25.0
          (0) Fragment arrival time: 26.0
          (0) Fragment scheduled time: 38.0
          ----------------------------
    Fragment name: flow1Fragment3
        Fragment node: switch1
        Fragment next hop: dev2
        Fragment priority: 1
        Fragment size: 1500
        Port cycle start: 0
        Fragment slot start 0: 38.992 ; 4874/125
        Fragment slot duration 0 : 12.008 ; 1501/125
        Fragment slot start 1: 51.0 ; 51
        Fragment slot duration 1 : 0.0 ; 0
        Fragment slot start 2: 51.0 ; 51
        Fragment slot duration 2 : 0.0 ; 0
        Fragment slot start 3: 51.0 ; 51
        Fragment slot duration 3 : 0.0 ; 0
        Fragment slot start 4: 51.0 ; 51
        Fragment slot duration 4 : 0.0 ; 0
        Fragment slot start 5: 51.0 ; 51
        Fragment slot duration 5 : 0.0 ; 0
        Fragment slot start 6: 200.992 ; 25124/125
        Fragment slot duration 6 : 0.0 ; 0
        Fragment slot start 7: 200.992 ; 25124/125
        Fragment slot duration 7 : 0.0 ; 0
        Fragment slot start 8: 200.992 ; 25124/125
        Fragment slot duration 8 : 0.0 ; 0
        Fragment slot start 9: 200.992 ; 25124/125
        Fragment slot duration 9 : 0.0 ; 0
        Fragment slot start 10: 225.036 ; 56259/250
        Fragment slot duration 10 : 0.0 ; 0
        Fragment slot start 11: 225.044 ; 56261/250
        Fragment slot duration 11 : 0.0 ; 0
        Fragment slot start 12: 225.044 ; 56261/250
        Fragment slot duration 12 : 0.0 ; 0
        Fragment times-
          (0) Fragment departure time: 38.0
          (0) Fragment arrival time: 39.0
          (0) Fragment scheduled time: 51.0
          ----------------------------
          (1) Fragment departure time: 288.0
          (1) Fragment arrival time: 289.0
          (1) Fragment scheduled time: 301.0
          ----------------------------
          (2) Fragment departure time: 538.0
          (2) Fragment arrival time: 539.0
          (2) Fragment scheduled time: 551.0
          ----------------------------
          (3) Fragment departure time: 788.0
          (3) Fragment arrival time: 789.0
          (3) Fragment scheduled time: 801.0
          ----------------------------
          (4) Fragment departure time: 1038.0
          (4) Fragment arrival time: 1039.0
          (4) Fragment scheduled time: 1051.0
          ----------------------------
          (5) Fragment departure time: 1288.0
          (5) Fragment arrival time: 1289.0
          (5) Fragment scheduled time: 1301.0
          ----------------------------
          (6) Fragment departure time: 1538.0
          (6) Fragment arrival time: 1539.0
          (6) Fragment scheduled time: 1551.0
          ----------------------------
          (7) Fragment departure time: 1788.0
          (7) Fragment arrival time: 1789.0
          (7) Fragment scheduled time: 1801.0
          ----------------------------
          (8) Fragment departure time: 2038.0
          (8) Fragment arrival time: 2039.0
          (8) Fragment scheduled time: 2051.0
          ----------------------------
          (9) Fragment departure time: 2288.0
          (9) Fragment arrival time: 2289.0
          (9) Fragment scheduled time: 2301.0
          ----------------------------
          (10) Fragment departure time: 2538.0
          (10) Fragment arrival time: 2539.0
          (10) Fragment scheduled time: 2551.0
          ----------------------------
          (11) Fragment departure time: 2788.0
          (11) Fragment arrival time: 2789.0
          (11) Fragment scheduled time: 2801.0
          ----------------------------
          (12) Fragment departure time: 3038.0
          (12) Fragment arrival time: 3039.0
          (12) Fragment scheduled time: 3051.0
          ----------------------------
          (13) Fragment departure time: 3288.0
          (13) Fragment arrival time: 3289.0
          (13) Fragment scheduled time: 3301.0
          ----------------------------
          (14) Fragment departure time: 3538.0
          (14) Fragment arrival time: 3539.0
          (14) Fragment scheduled time: 3551.0
          ----------------------------
          (15) Fragment departure time: 3788.0
          (15) Fragment arrival time: 3789.0
          (15) Fragment scheduled time: 3801.0
          ----------------------------

  Flow name: flow2
    Start first t1: 6001/250
    Start HC: 1000.0
    Start packet periodicity: 250
    Flow type: Multicast
    List of leaves: dev5, 
    Path to dev5: dev0, switch0(flow2Fragment1), switch2(flow2Fragment2), dev5, 

    Fragment name: flow2Fragment1
        Fragment node: switch0
        Fragment next hop: switch2
        Fragment priority: 1
        Fragment size: 1500
        Port cycle start: 0
        Fragment slot start 0: 25.008 ; 3126/125
        Fragment slot duration 0 : 12.0 ; 12
        Fragment times-
          (0) Fragment departure time: 24.004
          (0) Fragment arrival time: 25.004
          (0) Fragment scheduled time: 37.008
          ----------------------------
    Fragment name: flow2Fragment2
        Fragment node: switch2
        Fragment next hop: dev5
        Fragment priority: 7
        Fragment size: 1500
        Port cycle start: 0
        Fragment slot start 0: 38.004 ; 9501/250
        Fragment slot duration 0 : 12.004 ; 3001/250
        Fragment times-
          (0) Fragment departure time: 37.008
          (0) Fragment arrival time: 38.008
          (0) Fragment scheduled time: 50.008
          ----------------------------
          (1) Fragment departure time: 287.008
          (1) Fragment arrival time: 288.008
          (1) Fragment scheduled time: 300.008
          ----------------------------
          (2) Fragment departure time: 537.008
          (2) Fragment arrival time: 538.008
          (2) Fragment scheduled time: 550.008
          ----------------------------
          (3) Fragment departure time: 787.008
          (3) Fragment arrival time: 788.008
          (3) Fragment scheduled time: 800.008
          ----------------------------
          (4) Fragment departure time: 1037.008
          (4) Fragment arrival time: 1038.008
          (4) Fragment scheduled time: 1050.008
          ----------------------------
          (5) Fragment departure time: 1287.008
          (5) Fragment arrival time: 1288.008
          (5) Fragment scheduled time: 1300.008
          ----------------------------
          (6) Fragment departure time: 1537.008
          (6) Fragment arrival time: 1538.008
          (6) Fragment scheduled time: 1550.008
          ----------------------------
          (7) Fragment departure time: 1787.008
          (7) Fragment arrival time: 1788.008
          (7) Fragment scheduled time: 1800.008
          ----------------------------
          (8) Fragment departure time: 2037.008
          (8) Fragment arrival time: 2038.008
          (8) Fragment scheduled time: 2050.008
          ----------------------------
          (9) Fragment departure time: 2287.008
          (9) Fragment arrival time: 2288.008
          (9) Fragment scheduled time: 2300.008
          ----------------------------
          (10) Fragment departure time: 2537.008
          (10) Fragment arrival time: 2538.008
          (10) Fragment scheduled time: 2550.008
          ----------------------------
          (11) Fragment departure time: 2787.008
          (11) Fragment arrival time: 2788.008
          (11) Fragment scheduled time: 2800.008
          ----------------------------
          (12) Fragment departure time: 3037.008
          (12) Fragment arrival time: 3038.008
          (12) Fragment scheduled time: 3050.008
          ----------------------------
          (13) Fragment departure time: 3287.008
          (13) Fragment arrival time: 3288.008
          (13) Fragment scheduled time: 3300.008
          ----------------------------
          (14) Fragment departure time: 3537.008
          (14) Fragment arrival time: 3538.008
          (14) Fragment scheduled time: 3550.008
          ----------------------------
          (15) Fragment departure time: 3787.008
          (15) Fragment arrival time: 3788.008
          (15) Fragment scheduled time: 3800.008
          ----------------------------

  Flow name: flow3
    Start first t1: 9001/250
    Start HC: 1000.0
    Start packet periodicity: 250
    Flow type: Multicast
    List of leaves: dev8, 
    Path to dev8: dev0, switch0(flow3Fragment1), switch2(flow3Fragment2), switch3(flow3Fragment3), dev8, 

    Fragment name: flow3Fragment1
        Fragment node: switch0
        Fragment next hop: switch2
        Fragment priority: 2
        Fragment size: 1500
        Port cycle start: 0
        Fragment slot start 0: 37.016 ; 4627/125
        Fragment slot duration 0 : 12.0 ; 12
        Fragment times-
          (0) Fragment departure time: 36.004
          (0) Fragment arrival time: 37.004
          (0) Fragment scheduled time: 49.016
          ----------------------------
    Fragment name: flow3Fragment2
        Fragment node: switch2
        Fragment next hop: switch3
        Fragment priority: 7
        Fragment size: 1500
        Port cycle start: 0
        Fragment slot start 0: 50.01 ; 5001/100
        Fragment slot duration 0 : 12.006 ; 6003/500
        Fragment times-
          (0) Fragment departure time: 49.016
          (0) Fragment arrival time: 50.016
          (0) Fragment scheduled time: 62.016
          ----------------------------
    Fragment name: flow3Fragment3
        Fragment node: switch3
        Fragment next hop: dev8
        Fragment priority: 7
        Fragment size: 1500
        Port cycle start: 0
        Fragment slot start 0: 63.01 ; 6301/100
        Fragment slot duration 0 : 12.006 ; 6003/500
        Fragment times-
          (0) Fragment departure time: 62.016
          (0) Fragment arrival time: 63.016
          (0) Fragment scheduled time: 75.016
          ----------------------------
          (1) Fragment departure time: 312.016
          (1) Fragment arrival time: 313.016
          (1) Fragment scheduled time: 325.016
          ----------------------------
          (2) Fragment departure time: 562.016
          (2) Fragment arrival time: 563.016
          (2) Fragment scheduled time: 575.016
          ----------------------------
          (3) Fragment departure time: 812.016
          (3) Fragment arrival time: 813.016
          (3) Fragment scheduled time: 825.016
          ----------------------------
          (4) Fragment departure time: 1062.016
          (4) Fragment arrival time: 1063.016
          (4) Fragment scheduled time: 1075.016
          ----------------------------
          (5) Fragment departure time: 1312.016
          (5) Fragment arrival time: 1313.016
          (5) Fragment scheduled time: 1325.016
          ----------------------------
          (6) Fragment departure time: 1562.016
          (6) Fragment arrival time: 1563.016
          (6) Fragment scheduled time: 1575.016
          ----------------------------
          (7) Fragment departure time: 1812.016
          (7) Fragment arrival time: 1813.016
          (7) Fragment scheduled time: 1825.016
          ----------------------------
          (8) Fragment departure time: 2062.016
          (8) Fragment arrival time: 2063.016
          (8) Fragment scheduled time: 2075.016
          ----------------------------
          (9) Fragment departure time: 2312.016
          (9) Fragment arrival time: 2313.016
          (9) Fragment scheduled time: 2325.016
          ----------------------------
          (10) Fragment departure time: 2562.016
          (10) Fragment arrival time: 2563.016
          (10) Fragment scheduled time: 2575.016
          ----------------------------
          (11) Fragment departure time: 2812.016
          (11) Fragment arrival time: 2813.016
          (11) Fragment scheduled time: 2825.016
          ----------------------------
          (12) Fragment departure time: 3062.016
          (12) Fragment arrival time: 3063.016
          (12) Fragment scheduled time: 3075.016
          ----------------------------
          (13) Fragment departure time: 3312.016
          (13) Fragment arrival time: 3313.016
          (13) Fragment scheduled time: 3325.016
          ----------------------------
          (14) Fragment departure time: 3562.016
          (14) Fragment arrival time: 3563.016
          (14) Fragment scheduled time: 3575.016
          ----------------------------
          (15) Fragment departure time: 3812.016
          (15) Fragment arrival time: 3813.016
          (15) Fragment scheduled time: 3825.016
          ----------------------------

  Flow name: flow4
    Start first t1: 74999/500
    Start HC: 1000.0
    Start packet periodicity: 800
    Flow type: Multicast
    List of leaves: dev2, 
    Path to dev2: dev1, switch1(flow4Fragment1), dev2, 

    Fragment name: flow4Fragment1
        Fragment node: switch1
        Fragment next hop: dev2
        Fragment priority: 2
        Fragment size: 1500
        Port cycle start: 0
        Fragment slot start 0: 51.0 ; 51
        Fragment slot duration 0 : 12.006 ; 6003/500
        Fragment slot start 1: 101.0 ; 101
        Fragment slot duration 1 : 12.0 ; 12
        Fragment slot start 2: 201.0 ; 201
        Fragment slot duration 2 : 0.0 ; 0
        Fragment slot start 3: 201.0 ; 201
        Fragment slot duration 3 : 12.0 ; 12
        Fragment slot start 4: 213.024 ; 26628/125
        Fragment slot duration 4 : 0.0 ; 0
        Fragment slot start 5: 225.052 ; 56263/250
        Fragment slot duration 5 : 0.0 ; 0
        Fragment times-
          (0) Fragment departure time: 149.998
          (0) Fragment arrival time: 150.998
          (0) Fragment scheduled time: 213.0
          ----------------------------
          (1) Fragment departure time: 949.998
          (1) Fragment arrival time: 950.998
          (1) Fragment scheduled time: 963.0
          ----------------------------
          (2) Fragment departure time: 1749.998
          (2) Fragment arrival time: 1750.998
          (2) Fragment scheduled time: 1813.0
          ----------------------------
          (3) Fragment departure time: 2549.998
          (3) Fragment arrival time: 2550.998
          (3) Fragment scheduled time: 2563.0
          ----------------------------
          (4) Fragment departure time: 3349.998
          (4) Fragment arrival time: 3350.998
          (4) Fragment scheduled time: 3363.0
          ----------------------------

  Flow name: flow5
    Start first t1: 12
    Start HC: 1000.0
    Start packet periodicity: 500
    Flow type: Multicast
    List of leaves: dev1, 
    Path to dev1: dev2, switch1(flow5Fragment1), dev1, 

    Fragment name: flow5Fragment1
        Fragment node: switch1
        Fragment next hop: dev1
        Fragment priority: 7
        Fragment size: 1500
        Port cycle start: 0
        Fragment slot start 0: 12.992 ; 1624/125
        Fragment slot duration 0 : 12.008 ; 1501/125
        Fragment times-
          (0) Fragment departure time: 12.0
          (0) Fragment arrival time: 13.0
          (0) Fragment scheduled time: 25.0
          ----------------------------

  Flow name: flow6
    Start first t1: 3007/250
    Start HC: 1000.0
    Start packet periodicity: 800
    Flow type: Multicast
    List of leaves: dev2, 
    Path to dev2: dev3, switch1(flow6Fragment1), dev2, 

    Fragment name: flow6Fragment1
        Fragment node: switch1
        Fragment next hop: dev2
        Fragment priority: 0
        Fragment size: 1500
        Port cycle start: 0
        Fragment slot start 0: 63.006 ; 31503/500
        Fragment slot duration 0 : 37.986 ; 18993/500
        Fragment slot start 1: 162.94 ; 8147/50
        Fragment slot duration 1 : 38.052 ; 9513/250
        Fragment slot start 2: 213.008 ; 26626/125
        Fragment slot duration 2 : 0.0 ; 0
        Fragment slot start 3: 213.024 ; 26628/125
        Fragment slot duration 3 : 12.004 ; 3001/250
        Fragment slot start 4: 225.028 ; 56257/250
        Fragment slot duration 4 : 0.0 ; 0
        Fragment slot start 5: 225.028 ; 56257/250
        Fragment slot duration 5 : 0.0 ; 0
        Fragment slot start 6: 225.028 ; 56257/250
        Fragment slot duration 6 : 0.0 ; 0
        Fragment slot start 7: 225.028 ; 56257/250
        Fragment slot duration 7 : 0.0 ; 0
        Fragment slot start 8: 225.028 ; 56257/250
        Fragment slot duration 8 : 0.0 ; 0
        Fragment slot start 9: 225.028 ; 56257/250
        Fragment slot duration 9 : 0.0 ; 0
        Fragment slot start 10: 225.028 ; 56257/250
        Fragment slot duration 10 : 0.0 ; 0
        Fragment slot start 11: 225.028 ; 56257/250
        Fragment slot duration 11 : 0.0 ; 0
        Fragment slot start 12: 225.028 ; 56257/250
        Fragment slot duration 12 : 0.0 ; 0
        Fragment slot start 13: 225.028 ; 56257/250
        Fragment slot duration 13 : 0.0 ; 0
        Fragment slot start 14: 225.028 ; 56257/250
        Fragment slot duration 14 : 0.0 ; 0
        Fragment slot start 15: 225.028 ; 56257/250
        Fragment slot duration 15 : 0.0 ; 0
        Fragment slot start 16: 225.036 ; 56259/250
        Fragment slot duration 16 : 0.0 ; 0
        Fragment slot start 17: 249.984 ; 31248/125
        Fragment slot duration 17 : 0.0 ; 0
        Fragment slot start 18: 250.0 ; 250
        Fragment slot duration 18 : 0.0 ; 0
        Fragment slot start 19: 250.0 ; 250
        Fragment slot duration 19 : 0.0 ; 0
        Fragment slot start 20: 250.0 ; 250
        Fragment slot duration 20 : 0.0 ; 0
        Fragment slot start 21: 250.0 ; 250
        Fragment slot duration 21 : 0.0 ; 0
        Fragment slot start 22: 250.0 ; 250
        Fragment slot duration 22 : 0.0 ; 0
        Fragment slot start 23: 250.0 ; 250
        Fragment slot duration 23 : 0.0 ; 0
        Fragment slot start 24: 250.0 ; 250
        Fragment slot duration 24 : 0.0 ; 0
        Fragment slot start 25: 250.0 ; 250
        Fragment slot duration 25 : 0.0 ; 0
        Fragment times-
          (0) Fragment departure time: 12.028
          (0) Fragment arrival time: 13.028
          (0) Fragment scheduled time: 75.006
          ----------------------------
          (1) Fragment departure time: 812.028
          (1) Fragment arrival time: 813.028
          (1) Fragment scheduled time: 825.028
          ----------------------------
          (2) Fragment departure time: 1612.028
          (2) Fragment arrival time: 1613.028
          (2) Fragment scheduled time: 1674.94
          ----------------------------
          (3) Fragment departure time: 2412.028
          (3) Fragment arrival time: 2413.028
          (3) Fragment scheduled time: 2425.028
          ----------------------------
          (4) Fragment departure time: 3212.028
          (4) Fragment arrival time: 3213.028
          (4) Fragment scheduled time: 3225.028
          ----------------------------

  Flow name: flow7
    Start first t1: 24
    Start HC: 1000.0
    Start packet periodicity: 500
    Flow type: Multicast
    List of leaves: dev3, 
    Path to dev3: dev2, switch1(flow7Fragment1), dev3, 

    Fragment name: flow7Fragment1
        Fragment node: switch1
        Fragment next hop: dev3
        Fragment priority: 7
        Fragment size: 1500
        Port cycle start: 0
        Fragment slot start 0: 24.992 ; 3124/125
        Fragment slot duration 0 : 12.008 ; 1501/125
        Fragment times-
          (0) Fragment departure time: 24.0
          (0) Fragment arrival time: 25.0
          (0) Fragment scheduled time: 37.0
          ----------------------------

  Flow name: flow8
    Start first t1: 115247/250
    Start HC: 1000.0
    Start packet periodicity: 500
    Flow type: Multicast
    List of leaves: dev0, 
    Path to dev0: dev2, switch1(flow8Fragment1), switch2(flow8Fragment2), switch0(flow8Fragment3), dev0, 

    Fragment name: flow8Fragment1
        Fragment node: switch1
        Fragment next hop: switch2
        Fragment priority: 7
        Fragment size: 1500
        Port cycle start: 0
        Fragment slot start 0: 461.984 ; 57748/125
        Fragment slot duration 0 : 12.004 ; 3001/250
        Fragment times-
          (0) Fragment departure time: 460.988
          (0) Fragment arrival time: 461.988
          (0) Fragment scheduled time: 473.988
          ----------------------------
    Fragment name: flow8Fragment2
        Fragment node: switch2
        Fragment next hop: switch0
        Fragment priority: 7
        Fragment size: 1500
        Port cycle start: 0
        Fragment slot start 0: 474.984 ; 59373/125
        Fragment slot duration 0 : 12.004 ; 3001/250
        Fragment times-
          (0) Fragment departure time: 473.988
          (0) Fragment arrival time: 474.988
          (0) Fragment scheduled time: 486.988
          ----------------------------
    Fragment name: flow8Fragment3
        Fragment node: switch0
        Fragment next hop: dev0
        Fragment priority: 7
        Fragment size: 1500
        Port cycle start: 0
        Fragment slot start 0: 487.992 ; 60999/125
        Fragment slot duration 0 : 12.0 ; 12
        Fragment times-
          (0) Fragment departure time: 486.988
          (0) Fragment arrival time: 487.988
          (0) Fragment scheduled time: 499.992
          ----------------------------

  Flow name: flow9
    Start first t1: 199001/1000
    Start HC: 1000.0
    Start packet periodicity: 800
    Flow type: Multicast
    List of leaves: dev5, 
    Path to dev5: dev4, switch2(flow9Fragment1), dev5, 

    Fragment name: flow9Fragment1
        Fragment node: switch2
        Fragment next hop: dev5
        Fragment priority: 2
        Fragment size: 1500
        Port cycle start: 0
        Fragment slot start 0: 25.996 ; 6499/250
        Fragment slot duration 0 : 0.0 ; 0
        Fragment slot start 1: 25.996 ; 6499/250
        Fragment slot duration 1 : 0.0 ; 0
        Fragment slot start 2: 25.996 ; 6499/250
        Fragment slot duration 2 : 12.0 ; 12
        Fragment slot start 3: 62.001 ; 62001/1000
        Fragment slot duration 3 : 50.0 ; 50
        Fragment slot start 4: 196.99975 ; 787999/4000
        Fragment slot duration 4 : 50.0 ; 50
        Fragment slot start 5: 247.00775 ; 988031/4000
        Fragment slot duration 5 : 0.0 ; 0
        Fragment times-
          (0) Fragment departure time: 199.001
          (0) Fragment arrival time: 200.001
          (0) Fragment scheduled time: 212.001
          ----------------------------
          (1) Fragment departure time: 999.001
          (1) Fragment arrival time: 1000.001
          (1) Fragment scheduled time: 1037.996
          ----------------------------
          (2) Fragment departure time: 1799.001
          (2) Fragment arrival time: 1800.001
          (2) Fragment scheduled time: 1824.001
          ----------------------------
          (3) Fragment departure time: 2599.001
          (3) Fragment arrival time: 2600.001
          (3) Fragment scheduled time: 2612.001
          ----------------------------
          (4) Fragment departure time: 3399.001
          (4) Fragment arrival time: 3400.001
          (4) Fragment scheduled time: 3458.99975
          ----------------------------

  Flow name: flow10
    Start first t1: 12
    Start HC: 1000.0
    Start packet periodicity: 500
    Flow type: Multicast
    List of leaves: dev4, 
    Path to dev4: dev5, switch2(flow10Fragment1), dev4, 

    Fragment name: flow10Fragment1
        Fragment node: switch2
        Fragment next hop: dev4
        Fragment priority: 7
        Fragment size: 1500
        Port cycle start: 0
        Fragment slot start 0: 12.992 ; 1624/125
        Fragment slot duration 0 : 12.008 ; 1501/125
        Fragment times-
          (0) Fragment departure time: 12.0
          (0) Fragment arrival time: 13.0
          (0) Fragment scheduled time: 25.0
          ----------------------------

  Flow name: flow11
    Start first t1: 49001/1000
    Start HC: 1000.0
    Start packet periodicity: 800
    Flow type: Multicast
    List of leaves: dev5, 
    Path to dev5: dev6, switch2(flow11Fragment1), dev5, 

    Fragment name: flow11Fragment1
        Fragment node: switch2
        Fragment next hop: dev5
        Fragment priority: 2
        Fragment size: 1500
        Port cycle start: 0
        Fragment slot start 0: 25.996 ; 6499/250
        Fragment slot duration 0 : 0.0 ; 0
        Fragment slot start 1: 25.996 ; 6499/250
        Fragment slot duration 1 : 0.0 ; 0
        Fragment slot start 2: 25.996 ; 6499/250
        Fragment slot duration 2 : 12.0 ; 12
        Fragment slot start 3: 62.001 ; 62001/1000
        Fragment slot duration 3 : 50.0 ; 50
        Fragment slot start 4: 196.99975 ; 787999/4000
        Fragment slot duration 4 : 50.0 ; 50
        Fragment slot start 5: 247.00775 ; 988031/4000
        Fragment slot duration 5 : 0.0 ; 0
        Fragment times-
          (0) Fragment departure time: 49.001
          (0) Fragment arrival time: 50.001
          (0) Fragment scheduled time: 74.001
          ----------------------------
          (1) Fragment departure time: 849.001
          (1) Fragment arrival time: 850.001
          (1) Fragment scheduled time: 862.001
          ----------------------------
          (2) Fragment departure time: 1649.001
          (2) Fragment arrival time: 1650.001
          (2) Fragment scheduled time: 1708.99975
          ----------------------------
          (3) Fragment departure time: 2449.001
          (3) Fragment arrival time: 2450.001
          (3) Fragment scheduled time: 2462.001
          ----------------------------
          (4) Fragment departure time: 3249.001
          (4) Fragment arrival time: 3250.001
          (4) Fragment scheduled time: 3287.996
          ----------------------------

  Flow name: flow12
    Start first t1: 24
    Start HC: 1000.0
    Start packet periodicity: 500
    Flow type: Multicast
    List of leaves: dev6, 
    Path to dev6: dev5, switch2(flow12Fragment1), dev6, 

    Fragment name: flow12Fragment1
        Fragment node: switch2
        Fragment next hop: dev6
        Fragment priority: 7
        Fragment size: 1500
        Port cycle start: 0
        Fragment slot start 0: 25.008 ; 3126/125
        Fragment slot duration 0 : 12.0 ; 12
        Fragment times-
          (0) Fragment departure time: 24.0
          (0) Fragment arrival time: 25.0
          (0) Fragment scheduled time: 37.008
          ----------------------------

  Flow name: flow13
    Start first t1: 112491/250
    Start HC: 1000.0
    Start packet periodicity: 500
    Flow type: Multicast
    List of leaves: dev0, 
    Path to dev0: dev5, switch2(flow13Fragment1), switch0(flow13Fragment2), dev0, 

    Fragment name: flow13Fragment1
        Fragment node: switch2
        Fragment next hop: switch0
        Fragment priority: 1
        Fragment size: 1500
        Port cycle start: 0
        Fragment slot start 0: 450.968 ; 56371/125
        Fragment slot duration 0 : 23.992 ; 2999/125
        Fragment times-
          (0) Fragment departure time: 449.964
          (0) Fragment arrival time: 450.964
          (0) Fragment scheduled time: 462.968
          ----------------------------
    Fragment name: flow13Fragment2
        Fragment node: switch0
        Fragment next hop: dev0
        Fragment priority: 0
        Fragment size: 1500
        Port cycle start: 0
        Fragment slot start 0: 463.966 ; 231983/500
        Fragment slot duration 0 : 24.01 ; 2401/100
        Fragment slot start 1: 487.976 ; 60997/125
        Fragment slot duration 1 : 0.0 ; 0
        Fragment slot start 2: 487.976 ; 60997/125
        Fragment slot duration 2 : 0.0 ; 0
        Fragment times-
          (0) Fragment departure time: 462.968
          (0) Fragment arrival time: 463.968
          (0) Fragment scheduled time: 475.968
          ----------------------------

  Flow name: flow14
    Start first t1: 273031/2000
    Start HC: 1000.0
    Start packet periodicity: 800
    Flow type: Multicast
    List of leaves: dev8, 
    Path to dev8: dev7, switch3(flow14Fragment1), dev8, 

    Fragment name: flow14Fragment1
        Fragment node: switch3
        Fragment next hop: dev8
        Fragment priority: 1
        Fragment size: 1500
        Port cycle start: 0
        Fragment slot start 0: 0.0 ; 0
        Fragment slot duration 0 : 0.0 ; 0
        Fragment slot start 1: 75.016 ; 9377/125
        Fragment slot duration 1 : 12.0 ; 12
        Fragment slot start 2: 87.4995 ; 174999/2000
        Fragment slot duration 2 : 0.0 ; 0
        Fragment slot start 3: 87.5155 ; 175031/2000
        Fragment slot duration 3 : 0.0 ; 0
        Fragment slot start 4: 87.5155 ; 175031/2000
        Fragment slot duration 4 : 0.0 ; 0
        Fragment slot start 5: 87.5175 ; 35007/400
        Fragment slot duration 5 : 12.0 ; 12
        Fragment slot start 6: 99.5175 ; 39807/400
        Fragment slot duration 6 : 49.998 ; 24999/500
        Fragment slot start 7: 149.5155 ; 299031/2000
        Fragment slot duration 7 : 50.0 ; 50
        Fragment slot start 8: 237.5155 ; 475031/2000
        Fragment slot duration 8 : 12.4205 ; 24841/2000
        Fragment slot start 9: 249.944 ; 31243/125
        Fragment slot duration 9 : 0.0 ; 0
        Fragment slot start 10: 249.96 ; 6249/25
        Fragment slot duration 10 : 0.0 ; 0
        Fragment slot start 11: 249.976 ; 31247/125
        Fragment slot duration 11 : 0.0 ; 0
        Fragment slot start 12: 249.992 ; 31249/125
        Fragment slot duration 12 : 0.0 ; 0
        Fragment times-
          (0) Fragment departure time: 136.5155
          (0) Fragment arrival time: 137.5155
          (0) Fragment scheduled time: 149.5155
          ----------------------------
          (1) Fragment departure time: 936.5155
          (1) Fragment arrival time: 937.5155
          (1) Fragment scheduled time: 949.5155
          ----------------------------
          (2) Fragment departure time: 1736.5155
          (2) Fragment arrival time: 1737.5155
          (2) Fragment scheduled time: 1749.5155
          ----------------------------
          (3) Fragment departure time: 2536.5155
          (3) Fragment arrival time: 2537.5155
          (3) Fragment scheduled time: 2587.016
          ----------------------------
          (4) Fragment departure time: 3336.5155
          (4) Fragment arrival time: 3337.5155
          (4) Fragment scheduled time: 3349.5175
          ----------------------------

  Flow name: flow15
    Start first t1: 12
    Start HC: 1000.0
    Start packet periodicity: 500
    Flow type: Multicast
    List of leaves: dev7, 
    Path to dev7: dev8, switch3(flow15Fragment1), dev7, 

    Fragment name: flow15Fragment1
        Fragment node: switch3
        Fragment next hop: dev7
        Fragment priority: 7
        Fragment size: 1500
        Port cycle start: 0
        Fragment slot start 0: 12.992 ; 1624/125
        Fragment slot duration 0 : 12.008 ; 1501/125
        Fragment times-
          (0) Fragment departure time: 12.0
          (0) Fragment arrival time: 13.0
          (0) Fragment scheduled time: 25.0
          ----------------------------

  Flow name: flow16
    Start first t1: 173031/2000
    Start HC: 1000.0
    Start packet periodicity: 800
    Flow type: Multicast
    List of leaves: dev8, 
    Path to dev8: dev9, switch3(flow16Fragment1), dev8, 

    Fragment name: flow16Fragment1
        Fragment node: switch3
        Fragment next hop: dev8
        Fragment priority: 1
        Fragment size: 1500
        Port cycle start: 0
        Fragment slot start 0: 0.0 ; 0
        Fragment slot duration 0 : 0.0 ; 0
        Fragment slot start 1: 75.016 ; 9377/125
        Fragment slot duration 1 : 12.0 ; 12
        Fragment slot start 2: 87.4995 ; 174999/2000
        Fragment slot duration 2 : 0.0 ; 0
        Fragment slot start 3: 87.5155 ; 175031/2000
        Fragment slot duration 3 : 0.0 ; 0
        Fragment slot start 4: 87.5155 ; 175031/2000
        Fragment slot duration 4 : 0.0 ; 0
        Fragment slot start 5: 87.5175 ; 35007/400
        Fragment slot duration 5 : 12.0 ; 12
        Fragment slot start 6: 99.5175 ; 39807/400
        Fragment slot duration 6 : 49.998 ; 24999/500
        Fragment slot start 7: 149.5155 ; 299031/2000
        Fragment slot duration 7 : 50.0 ; 50
        Fragment slot start 8: 237.5155 ; 475031/2000
        Fragment slot duration 8 : 12.4205 ; 24841/2000
        Fragment slot start 9: 249.944 ; 31243/125
        Fragment slot duration 9 : 0.0 ; 0
        Fragment slot start 10: 249.96 ; 6249/25
        Fragment slot duration 10 : 0.0 ; 0
        Fragment slot start 11: 249.976 ; 31247/125
        Fragment slot duration 11 : 0.0 ; 0
        Fragment slot start 12: 249.992 ; 31249/125
        Fragment slot duration 12 : 0.0 ; 0
        Fragment times-
          (0) Fragment departure time: 86.5155
          (0) Fragment arrival time: 87.5155
          (0) Fragment scheduled time: 99.5175
          ----------------------------
          (1) Fragment departure time: 886.5155
          (1) Fragment arrival time: 887.5155
          (1) Fragment scheduled time: 899.5155
          ----------------------------
          (2) Fragment departure time: 1686.5155
          (2) Fragment arrival time: 1687.5155
          (2) Fragment scheduled time: 1699.5155
          ----------------------------
          (3) Fragment departure time: 2486.5155
          (3) Fragment arrival time: 2487.5155
          (3) Fragment scheduled time: 2499.5155
          ----------------------------
          (4) Fragment departure time: 3286.5155
          (4) Fragment arrival time: 3287.5155
          (4) Fragment scheduled time: 3337.016
          ----------------------------

  Flow name: flow17
    Start first t1: 24
    Start HC: 1000.0
    Start packet periodicity: 500
    Flow type: Multicast
    List of leaves: dev9, 
    Path to dev9: dev8, switch3(flow17Fragment1), dev9, 

    Fragment name: flow17Fragment1
        Fragment node: switch3
        Fragment next hop: dev9
        Fragment priority: 7
        Fragment size: 1500
        Port cycle start: 0
        Fragment slot start 0: 25.008 ; 3126/125
        Fragment slot duration 0 : 12.0 ; 12
        Fragment times-
          (0) Fragment departure time: 24.0
          (0) Fragment arrival time: 25.0
          (0) Fragment scheduled time: 37.008
          ----------------------------

  Flow name: flow18
    Start first t1: 36
    Start HC: 1000.0
    Start packet periodicity: 500
    Flow type: Multicast
    List of leaves: dev0, 
    Path to dev0: dev8, switch3(flow18Fragment1), switch2(flow18Fragment2), switch0(flow18Fragment3), dev0, 

    Fragment name: flow18Fragment1
        Fragment node: switch3
        Fragment next hop: switch2
        Fragment priority: 7
        Fragment size: 1500
        Port cycle start: 0
        Fragment slot start 0: 36.998 ; 18499/500
        Fragment slot duration 0 : 12.002 ; 6001/500
        Fragment times-
          (0) Fragment departure time: 36.0
          (0) Fragment arrival time: 37.0
          (0) Fragment scheduled time: 49.0
          ----------------------------
    Fragment name: flow18Fragment2
        Fragment node: switch2
        Fragment next hop: switch0
        Fragment priority: 3
        Fragment size: 1500
        Port cycle start: 0
        Fragment slot start 0: 438.872 ; 54859/125
        Fragment slot duration 0 : 12.096 ; 1512/125
        Fragment times-
          (0) Fragment departure time: 49.0
          (0) Fragment arrival time: 50.0
          (0) Fragment scheduled time: 450.872
          ----------------------------
    Fragment name: flow18Fragment3
        Fragment node: switch0
        Fragment next hop: dev0
        Fragment priority: 2
        Fragment size: 1500
        Port cycle start: 0
        Fragment slot start 0: 451.87 ; 45187/100
        Fragment slot duration 0 : 12.002 ; 6001/500
        Fragment times-
          (0) Fragment departure time: 450.872
          (0) Fragment arrival time: 451.872
          (0) Fragment scheduled time: 463.872
          ----------------------------

